{"level":30,"time":1726225451508,"pid":913188,"hostname":"DARRYL-WORK-PC","error":{"Product Not Found":"ssltd_advert"}}
{"level":30,"time":1726236450940,"pid":953189,"hostname":"DARRYL-WORK-PC","error":{"Product Not Found":"ssltd_24721"}}
{"level":30,"time":1726236468090,"pid":953369,"hostname":"DARRYL-WORK-PC","error":{"Product Not Found":"ssltd_75931"}}
{"level":30,"time":1726236476882,"pid":953498,"hostname":"DARRYL-WORK-PC","error":{"Product Not Found":"ssltd_86863"}}
{"level":30,"time":1726242600148,"pid":989823,"hostname":"DARRYL-WORK-PC","error":{"Product Not Found":"ssltd_89047"}}
{"level":30,"time":1726477964997,"pid":37395,"hostname":"DARRYL-WORK-PC","error":{"Product Not Found":"ssltd_75931"}}
{"level":30,"time":1726478010290,"pid":37908,"hostname":"DARRYL-WORK-PC","error":{"Product Not Found":"ssltd_75931"}}
{"level":30,"time":1726478082390,"pid":38674,"hostname":"DARRYL-WORK-PC","error":{"Product Not Found":"ssltd_86863"}}
{"level":30,"time":1726478095466,"pid":38862,"hostname":"DARRYL-WORK-PC","error":{"Product Not Found":"ssltd_80327"}}
{"level":30,"time":1726478103613,"pid":39010,"hostname":"DARRYL-WORK-PC","error":{"Product Not Found":"ssltd_91142"}}
{"level":30,"time":1726478118007,"pid":39228,"hostname":"DARRYL-WORK-PC","error":{"Product Not Found":"ssltd_89047"}}
{"level":30,"time":1726478203983,"pid":40168,"hostname":"DARRYL-WORK-PC","error":{"Product Not Found":"ssltd_80023"}}
{"level":30,"time":1726479034384,"pid":49386,"hostname":"DARRYL-WORK-PC","error":{"Product Not Found":"ssltd_39049"}}
{"level":30,"time":1726479052050,"pid":49651,"hostname":"DARRYL-WORK-PC","error":{"Product Not Found":"ssltd_81478"}}
{"level":30,"time":1726826314664,"pid":47367,"hostname":"DARRYL-WORK-PC","error":{"Product Not Found":"ssltd_24661"}}
{"level":30,"time":1726826379255,"pid":48061,"hostname":"DARRYL-WORK-PC","error":{"Product Not Found":"ssltd_55878"}}
{"level":30,"time":1726826387919,"pid":48208,"hostname":"DARRYL-WORK-PC","error":{"Product Not Found":"ssltd_74341"}}
{"level":30,"time":1726826399473,"pid":48411,"hostname":"DARRYL-WORK-PC","error":{"Product Not Found":"ssltd_75139"}}
{"level":30,"time":1726826416260,"pid":48648,"hostname":"DARRYL-WORK-PC","error":{"Product Not Found":"ssltd_80023"}}
{"level":30,"time":1726828652836,"pid":70623,"hostname":"DARRYL-WORK-PC","error":["Incorrect API Credentials - Please Try again or contact Administrator."]}
{"level":30,"time":1726828684123,"pid":71007,"hostname":"DARRYL-WORK-PC","error":{"Product Not Found":"ssltd_80023"}}
{"level":30,"time":1726829003644,"pid":74282,"hostname":"DARRYL-WORK-PC","error":{"Product Not Found":"ssltd80023"}}
{"level":30,"time":1726830297882,"pid":87036,"hostname":"DARRYL-WORK-PC","Message":{"Product Message":"Update Successful","Product ID":"ssltd_80023"}}
{"level":30,"time":1726830370192,"pid":87845,"hostname":"DARRYL-WORK-PC","Message":{"Product Message":"Update Successful","Product ID":"ssltd_24661"}}
{"level":30,"time":1726830379182,"pid":88015,"hostname":"DARRYL-WORK-PC","Message":{"Product Message":"Update Successful","Product ID":"ssltd_55878"}}
{"level":30,"time":1726830388392,"pid":88163,"hostname":"DARRYL-WORK-PC","Message":{"Product Message":"Update Successful","Product ID":"ssltd_74341"}}
{"level":30,"time":1726830401361,"pid":88366,"hostname":"DARRYL-WORK-PC","Message":{"Product Message":"Update Successful","Product ID":"ssltd_75139"}}
{"level":30,"time":1726830415350,"pid":88597,"hostname":"DARRYL-WORK-PC","Message":{"Product Message":"Update Successful","Product ID":"ssltd_78446"}}
{"level":30,"time":1726830422894,"pid":88730,"hostname":"DARRYL-WORK-PC","Message":{"Product Message":"Update Successful","Product ID":"ssltd_83114"}}
{"level":30,"time":1726830431043,"pid":88879,"hostname":"DARRYL-WORK-PC","Message":{"Product Message":"Update Successful","Product ID":"ssltd_91372"}}
{"level":30,"time":1726830442522,"pid":89076,"hostname":"DARRYL-WORK-PC","error":{"Product Not Found":"ssltd_92356"}}
{"level":30,"time":1726830464401,"pid":89365,"hostname":"DARRYL-WORK-PC","Message":{"Product Message":"Update Successful","Product ID":"ssltd_24721"}}
{"level":30,"time":1726830478869,"pid":89569,"hostname":"DARRYL-WORK-PC","Message":{"Product Message":"Update Successful","Product ID":"ssltd_75931"}}
{"level":30,"time":1726830556456,"pid":90493,"hostname":"DARRYL-WORK-PC","Message":{"Product Message":"Update Successful","Product ID":"ssltd_86863"}}
{"level":50,"time":1726830556456,"pid":90493,"hostname":"DARRYL-WORK-PC","err":{"type":"TypeError","message":"undefined is not an object (evaluating 'res.json')","stack":"TypeError: undefined is not an object (evaluating 'res.json')\n    at <anonymous> (/home/darryl/work/trigger-traders-sync/src/cli.ts:82:39)\n    at processTicksAndRejections (:12:39)","originalLine":52,"originalColumn":40},"msg":"undefined is not an object (evaluating 'res.json')"}
{"level":30,"time":1726830613113,"pid":91120,"hostname":"DARRYL-WORK-PC","Message":{"Product Message":"Update Successful","Product ID":"ssltd_80327"}}
{"level":30,"time":1726830671295,"pid":91775,"hostname":"DARRYL-WORK-PC","Message":{"Product Message":"Update Successful","Product ID":"ssltd_91142"}}
{"level":30,"time":1726830771280,"pid":92840,"hostname":"DARRYL-WORK-PC","Message":{"Product Message":"Update Successful","Product ID":"ssltd_89047"}}
{"level":30,"time":1726830861807,"pid":93821,"hostname":"DARRYL-WORK-PC","Message":{"Product Message":"Update Successful","Product ID":"ssltd_89047"}}
{"level":30,"time":1726830874701,"pid":94038,"hostname":"DARRYL-WORK-PC","Message":{"Product Message":"Update Successful","Product ID":"ssltd_80023"}}
{"level":30,"time":1726830902004,"pid":94399,"hostname":"DARRYL-WORK-PC","Message":{"Product Message":"Update Successful","Product ID":"ssltd_39049"}}
{"level":30,"time":1726830987209,"pid":95322,"hostname":"DARRYL-WORK-PC","Message":{"Product Message":"Update Successful","Product ID":"ssltd_81478"}}
{"level":30,"time":1726830996797,"pid":95480,"hostname":"DARRYL-WORK-PC","Message":{"Product Message":"Update Successful","Product ID":"ssltd_82138"}}
{"level":30,"time":1726831004809,"pid":95627,"hostname":"DARRYL-WORK-PC","Message":{"Product Message":"Update Successful","Product ID":"ssltd_85474"}}
{"level":30,"time":1726831012370,"pid":95762,"hostname":"DARRYL-WORK-PC","Message":{"Product Message":"Update Successful","Product ID":"ssltd_88094"}}
{"level":30,"time":1726831019270,"pid":95894,"hostname":"DARRYL-WORK-PC","error":{"Product Not Found":"ssltd_91803"}}
{"level":50,"time":1726831019270,"pid":95894,"hostname":"DARRYL-WORK-PC","err":{"type":"TypeError","message":"undefined is not an object (evaluating 'res.Message[\"Product Message\"]')","stack":"TypeError: undefined is not an object (evaluating 'res.Message[\"Product Message\"]')\n    at <anonymous> (/home/darryl/work/trigger-traders-sync/src/cli.ts:83:15)\n    at processTicksAndRejections (:12:39)","originalLine":52,"originalColumn":20},"msg":"undefined is not an object (evaluating 'res.Message[\"Product Message\"]')"}
{"level":30,"time":1726831118130,"pid":96956,"hostname":"DARRYL-WORK-PC","Message":{"Product Message":"Update Successful","Product ID":"ssltd_88094"}}
{"level":30,"time":1726831129086,"pid":97130,"hostname":"DARRYL-WORK-PC","error":{"Product Not Found":"ssltd_91803"}}
{"level":50,"time":1726831129087,"pid":97130,"hostname":"DARRYL-WORK-PC","err":{"type":"TypeError","message":"undefined is not an object (evaluating 'res.Message[\"Product Message\"]')","stack":"TypeError: undefined is not an object (evaluating 'res.Message[\"Product Message\"]')\n    at <anonymous> (/home/darryl/work/trigger-traders-sync/src/cli.ts:83:15)\n    at processTicksAndRejections (:12:39)","originalLine":52,"originalColumn":20},"msg":"undefined is not an object (evaluating 'res.Message[\"Product Message\"]')"}
{"level":30,"time":1726831194924,"pid":97871,"hostname":"DARRYL-WORK-PC","error":{"Product Not Found":"ssltd_91803"}}
{"level":50,"time":1726831194924,"pid":97871,"hostname":"DARRYL-WORK-PC","err":{"type":"Error","message":"Error deleting advert","stack":"Error: Error deleting advert\n    at <anonymous> (/home/darryl/work/trigger-traders-sync/src/cli.ts:84:19)\n    at processTicksAndRejections (:12:39)","originalLine":53,"originalColumn":22},"msg":"Error deleting advert"}
{"level":30,"time":1726831248008,"pid":98470,"hostname":"DARRYL-WORK-PC","error":{"Product Not Found":"ssltd_91803"}}
{"level":50,"time":1726831248008,"pid":98470,"hostname":"DARRYL-WORK-PC","err":{"type":"Error","message":"Error deleting advert","stack":"Error: Error deleting advert\n    at <anonymous> (/home/darryl/work/trigger-traders-sync/src/cli.ts:84:19)\n    at processTicksAndRejections (:12:39)","originalLine":53,"originalColumn":22},"msg":"Error deleting advert"}
{"level":30,"time":1726831288890,"pid":98939,"hostname":"DARRYL-WORK-PC","error":{"Product Not Found":"ssltd_91803"}}
{"level":50,"time":1726831288890,"pid":98939,"hostname":"DARRYL-WORK-PC","err":{"type":"Error","message":"Error deleting advert","stack":"Error: Error deleting advert\n    at <anonymous> (/home/darryl/work/trigger-traders-sync/src/cli.ts:84:19)\n    at processTicksAndRejections (:12:39)","originalLine":53,"originalColumn":22},"msg":"Error deleting advert"}
{"level":30,"time":1726831329825,"pid":99447,"hostname":"DARRYL-WORK-PC","error":{"Product Not Found":"ssltd_91803"}}
{"level":50,"time":1726831329825,"pid":99447,"hostname":"DARRYL-WORK-PC","err":{"type":"Error","message":"Error deleting advert","stack":"Error: Error deleting advert\n    at <anonymous> (/home/darryl/work/trigger-traders-sync/src/cli.ts:84:19)\n    at processTicksAndRejections (:12:39)","originalLine":53,"originalColumn":22},"msg":"Error deleting advert"}
{"level":30,"time":1726831343653,"pid":99650,"hostname":"DARRYL-WORK-PC","Message":{"Product Message":"Update Successful","Product ID":"ssltd_24661"}}
{"level":30,"time":1726831352095,"pid":99801,"hostname":"DARRYL-WORK-PC","Message":{"Product Message":"Update Successful","Product ID":"ssltd_55878"}}
{"level":30,"time":1726831359662,"pid":99925,"hostname":"DARRYL-WORK-PC","Message":{"Product Message":"Update Successful","Product ID":"ssltd_74341"}}
{"level":30,"time":1726831368360,"pid":100090,"hostname":"DARRYL-WORK-PC","Message":{"Product Message":"Update Successful","Product ID":"ssltd_75139"}}
{"level":30,"time":1726831385541,"pid":100323,"hostname":"DARRYL-WORK-PC","Message":{"Product Message":"Update Successful","Product ID":"ssltd_78446"}}
{"level":30,"time":1726831394762,"pid":100477,"hostname":"DARRYL-WORK-PC","Message":{"Product Message":"Update Successful","Product ID":"ssltd_83114"}}
{"level":30,"time":1726831400946,"pid":100593,"hostname":"DARRYL-WORK-PC","Message":{"Product Message":"Update Successful","Product ID":"ssltd_91372"}}
{"level":30,"time":1726831406787,"pid":100721,"hostname":"DARRYL-WORK-PC","error":{"Product Not Found":"ssltd_92356"}}
{"level":50,"time":1726831406788,"pid":100721,"hostname":"DARRYL-WORK-PC","err":{"type":"Error","message":"Error deleting advert","stack":"Error: Error deleting advert\n    at <anonymous> (/home/darryl/work/trigger-traders-sync/src/cli.ts:84:19)\n    at processTicksAndRejections (:12:39)","originalLine":53,"originalColumn":22},"msg":"Error deleting advert"}
